<?xml version="1.0" encoding="UTF-8"?>
<testsuite name="Test.AccountTest" tests="3" skipped="0" failures="0" errors="0" timestamp="2022-05-04T16:01:56" hostname="CHMEPPF2HCEVS" time="44.92">
  <properties/>
  <testcase name="viewCatalog" classname="Test.AccountTest" time="35.692"/>
  <testcase name="searchProduct" classname="Test.AccountTest" time="6.063"/>
  <testcase name="doLogin" classname="Test.AccountTest" time="2.929"/>
  <system-out><![CDATA[]]></system-out>
  <system-err><![CDATA[SLF4J: Failed to load class "org.slf4j.impl.StaticLoggerBinder".
SLF4J: Defaulting to no-operation (NOP) logger implementation
SLF4J: See http://www.slf4j.org/codes.html#StaticLoggerBinder for further details.
Starting ChromeDriver 100.0.4896.60 (6a5d10861ce8de5fce22564658033b43cb7de047-refs/branch-heads/4896@{#875}) on port 21261
Only local connections are allowed.
Please see https://chromedriver.chromium.org/security-considerations for suggestions on keeping ChromeDriver safe.
ChromeDriver was started successfully.
may 04, 2022 11:01:59 AM org.openqa.selenium.remote.ProtocolHandshake createSession
INFORMACIÓN: Detected dialect: W3C
]]></system-err>
</testsuite>
